app/build/intermediates/manifest_merge_blame_file/debug/manifest-merger-blame-debug-report.txt
1<?xml version="1.0" encoding="utf-8"?>
2<manifest xmlns:android="http://schemas.android.com/apk/res/android"
3    package="romanow.abc.android"
4    android:versionCode="1"
5    android:versionName="1.0" >
6
7    <uses-sdk
7-->src\main\AndroidManifest.xml:4:5-7:11
8        android:minSdkVersion="24"
8-->src\main\AndroidManifest.xml:6:9-35
9        android:targetSdkVersion="31" />
9-->src\main\AndroidManifest.xml:5:9-38
10
11    <uses-permission android:name="android.permission.WRITE_EXTERNAL_STORAGE" />
11-->src\main\AndroidManifest.xml:9:5-80
11-->src\main\AndroidManifest.xml:9:22-78
12    <uses-permission android:name="android.permission.READ_EXTERNAL_STORAGE" />
12-->src\main\AndroidManifest.xml:10:5-79
12-->src\main\AndroidManifest.xml:10:22-77
13    <uses-permission android:name="android.permission.MANAGE_EXTERNAL_STORAGE" />
13-->src\main\AndroidManifest.xml:11:5-81
13-->src\main\AndroidManifest.xml:11:22-79
14    <uses-permission android:name="android.permission.ACCESS_COARSE_LOCATION" />
14-->src\main\AndroidManifest.xml:12:5-81
14-->src\main\AndroidManifest.xml:12:22-78
15    <uses-permission android:name="android.permission.ACCESS_FINE_LOCATION" />
15-->src\main\AndroidManifest.xml:13:5-79
15-->src\main\AndroidManifest.xml:13:22-76
16    <!-- <uses-permission android:name="android.permission.SET_TIME_ZONE" /> -->
17    <!-- <uses-permission android:name="android.permission.SET_TIME_ZONE" /> -->
18    <uses-permission android:name="android.permission.BLUETOOTH" />
18-->src\main\AndroidManifest.xml:16:5-68
18-->src\main\AndroidManifest.xml:16:22-65
19    <uses-permission android:name="android.permission.BLUETOOTH_ADMIN" />
19-->src\main\AndroidManifest.xml:17:5-74
19-->src\main\AndroidManifest.xml:17:22-71
20    <uses-permission android:name="android.permission.BLUETOOTH_CONNECT" />
20-->src\main\AndroidManifest.xml:18:5-76
20-->src\main\AndroidManifest.xml:18:22-73
21    <!-- uses-permission android:name="android.permission.READ_PHONE_STATE"/ -->
22    <uses-permission android:name="android.permission.RECORD_AUDIO" />
22-->src\main\AndroidManifest.xml:20:5-70
22-->src\main\AndroidManifest.xml:20:22-68
23
24    <uses-feature
24-->src\main\AndroidManifest.xml:21:5-94
25        android:name="android.hardware.bluetooth_le"
25-->src\main\AndroidManifest.xml:21:19-65
26        android:required="true" />
26-->src\main\AndroidManifest.xml:21:66-91
27    <uses-feature android:name="android.hardware.location.gps" />
27-->src\main\AndroidManifest.xml:22:5-66
27-->src\main\AndroidManifest.xml:22:19-63
28    <!-- Although the *SdkVersion is captured in gradle build files, this is required for non gradle builds -->
29    <!-- <uses-sdk android:minSdkVersion="14" /> -->
30    <uses-permission android:name="android.permission.ACCESS_NETWORK_STATE" />
30-->[com.google.firebase:firebase-firestore:23.0.2] AndroidManifest.xml:13:5-79
30-->[com.google.firebase:firebase-firestore:23.0.2] AndroidManifest.xml:13:22-76
31    <uses-permission android:name="android.permission.INTERNET" />
31-->[com.google.firebase:firebase-firestore:23.0.2] AndroidManifest.xml:14:5-67
31-->[com.google.firebase:firebase-firestore:23.0.2] AndroidManifest.xml:14:22-64
32    <uses-permission android:name="android.permission.ACCESS_WIFI_STATE" />
32-->[com.yandex.android:maps.mobile:4.0.0-lite] AndroidManifest.xml:16:5-76
32-->[com.yandex.android:maps.mobile:4.0.0-lite] AndroidManifest.xml:16:22-73
33    <uses-permission android:name="android.permission.CHANGE_WIFI_STATE" />
33-->[com.yandex.android:maps.mobile:4.0.0-lite] AndroidManifest.xml:17:5-76
33-->[com.yandex.android:maps.mobile:4.0.0-lite] AndroidManifest.xml:17:22-73
34    <uses-permission android:name="android.permission.WAKE_LOCK" />
34-->[com.yandex.android:maps.mobile:4.0.0-lite] AndroidManifest.xml:19:5-68
34-->[com.yandex.android:maps.mobile:4.0.0-lite] AndroidManifest.xml:19:22-65
35    <uses-permission android:name="android.permission.RECEIVE_BOOT_COMPLETED" /> <!-- uses-permission android:name="android.permission.READ_PHONE_NUMBERS"/ -->
35-->[com.yandex.android:maps.mobile:4.0.0-lite] AndroidManifest.xml:20:5-81
35-->[com.yandex.android:maps.mobile:4.0.0-lite] AndroidManifest.xml:20:22-78
36    <application
36-->src\main\AndroidManifest.xml:24:5-59:19
37        android:allowBackup="true"
37-->src\main\AndroidManifest.xml:26:9-35
38        android:appComponentFactory="androidx.core.app.CoreComponentFactory"
38-->[androidx.core:core:1.7.0] AndroidManifest.xml:24:18-86
39        android:debuggable="true"
40        android:icon="@drawable/brs"
40-->src\main\AndroidManifest.xml:27:9-37
41        android:label="Каркас"
41-->src\main\AndroidManifest.xml:28:9-31
42        android:networkSecurityConfig="@xml/network_security_config"
42-->src\main\AndroidManifest.xml:25:9-69
43        android:requestLegacyExternalStorage="true"
43-->src\main\AndroidManifest.xml:32:9-52
44        android:roundIcon="@drawable/brs"
44-->src\main\AndroidManifest.xml:29:9-42
45        android:supportsRtl="true"
45-->src\main\AndroidManifest.xml:30:9-35
46        android:theme="@style/AppTheme" >
46-->src\main\AndroidManifest.xml:31:9-40
47        <activity
47-->src\main\AndroidManifest.xml:33:9-46:20
48            android:name="romanow.abc.android.MainActivity"
48-->src\main\AndroidManifest.xml:34:13-60
49            android:label="Каркас"
49-->src\main\AndroidManifest.xml:35:13-35
50            android:screenOrientation="portrait"
50-->src\main\AndroidManifest.xml:36:13-49
51            android:theme="@style/AppTheme.NoActionBar" >
51-->src\main\AndroidManifest.xml:37:13-56
52            <intent-filter>
52-->src\main\AndroidManifest.xml:38:13-41:29
53                <action android:name="android.intent.action.ACTION-VIEW" />
53-->src\main\AndroidManifest.xml:39:17-76
53-->src\main\AndroidManifest.xml:39:25-73
54
55                <category android:name="android.intent.category.LAUNCHER" />
55-->src\main\AndroidManifest.xml:40:17-77
55-->src\main\AndroidManifest.xml:40:27-74
56            </intent-filter>
57            <intent-filter>
57-->src\main\AndroidManifest.xml:42:13-45:29
58                <action android:name="android.intent.action.MAIN" />
58-->src\main\AndroidManifest.xml:43:17-69
58-->src\main\AndroidManifest.xml:43:25-66
59
60                <category android:name="android.intent.category.LAUNCHER" />
60-->src\main\AndroidManifest.xml:40:17-77
60-->src\main\AndroidManifest.xml:40:27-74
61            </intent-filter>
62        </activity>
63        <activity
63-->src\main\AndroidManifest.xml:47:9-116
64            android:name="romanow.abc.android.FullScreenGraph"
64-->src\main\AndroidManifest.xml:47:19-69
65            android:screenOrientation="reverseLandscape" />
65-->src\main\AndroidManifest.xml:47:70-114
66        <!-- <activity android:name="romanow.abc.android.yandexmap.MapFilesActivity" android:screenOrientation="portrait"/> -->
67        <activity
67-->src\main\AndroidManifest.xml:49:9-117
68            android:name="romanow.abc.android.yandexmap.MapActivity340"
68-->src\main\AndroidManifest.xml:49:19-78
69            android:screenOrientation="portrait" />
69-->src\main\AndroidManifest.xml:49:79-115
70
71        <provider
72            android:name="androidx.core.content.FileProvider"
72-->src\main\AndroidManifest.xml:51:13-62
73            android:authorities="romanow.abc.android"
73-->src\main\AndroidManifest.xml:52:13-51
74            android:exported="false"
74-->src\main\AndroidManifest.xml:53:13-37
75            android:grantUriPermissions="true" >
75-->src\main\AndroidManifest.xml:54:13-47
76            <meta-data
76-->src\main\AndroidManifest.xml:55:13-57:63
77                android:name="android.support.FILE_PROVIDER_PATHS"
77-->src\main\AndroidManifest.xml:56:17-67
78                android:resource="@xml/file_provider_paths" />
78-->src\main\AndroidManifest.xml:57:17-60
79        </provider>
80
81        <service
81-->[com.google.firebase:firebase-firestore:23.0.2] AndroidManifest.xml:17:9-23:19
82            android:name="com.google.firebase.components.ComponentDiscoveryService"
82-->[com.google.firebase:firebase-firestore:23.0.2] AndroidManifest.xml:18:13-84
83            android:directBootAware="true"
83-->[com.google.firebase:firebase-common:20.0.0] AndroidManifest.xml:35:13-43
84            android:exported="false" >
84-->[com.google.firebase:firebase-firestore:23.0.2] AndroidManifest.xml:19:13-37
85            <meta-data
85-->[com.google.firebase:firebase-firestore:23.0.2] AndroidManifest.xml:20:13-22:85
86                android:name="com.google.firebase.components:com.google.firebase.firestore.FirestoreRegistrar"
86-->[com.google.firebase:firebase-firestore:23.0.2] AndroidManifest.xml:21:17-111
87                android:value="com.google.firebase.components.ComponentRegistrar" />
87-->[com.google.firebase:firebase-firestore:23.0.2] AndroidManifest.xml:22:17-82
88        </service>
89
90        <meta-data
90-->[com.yandex.android:maps.mobile:4.0.0-lite] AndroidManifest.xml:25:9-27:38
91            android:name="yandex.maps.runtime.stl.linkage"
91-->[com.yandex.android:maps.mobile:4.0.0-lite] AndroidManifest.xml:26:13-59
92            android:value="static" />
92-->[com.yandex.android:maps.mobile:4.0.0-lite] AndroidManifest.xml:27:13-35
93
94        <service
94-->[com.yandex.android:maps.mobile:4.0.0-lite] AndroidManifest.xml:29:9-32:72
95            android:name="com.evernote.android.job.patched.internal.v21.PlatformJobService"
95-->[com.yandex.android:maps.mobile:4.0.0-lite] AndroidManifest.xml:30:13-92
96            android:exported="false"
96-->[com.yandex.android:maps.mobile:4.0.0-lite] AndroidManifest.xml:31:13-37
97            android:permission="android.permission.BIND_JOB_SERVICE" />
97-->[com.yandex.android:maps.mobile:4.0.0-lite] AndroidManifest.xml:32:13-69
98        <service
98-->[com.yandex.android:maps.mobile:4.0.0-lite] AndroidManifest.xml:33:9-36:72
99            android:name="com.evernote.android.job.patched.internal.v14.PlatformAlarmService"
99-->[com.yandex.android:maps.mobile:4.0.0-lite] AndroidManifest.xml:34:13-94
100            android:exported="false"
100-->[com.yandex.android:maps.mobile:4.0.0-lite] AndroidManifest.xml:35:13-37
101            android:permission="android.permission.BIND_JOB_SERVICE" />
101-->[com.yandex.android:maps.mobile:4.0.0-lite] AndroidManifest.xml:36:13-69
102        <service
102-->[com.yandex.android:maps.mobile:4.0.0-lite] AndroidManifest.xml:37:9-39:40
103            android:name="com.evernote.android.job.patched.internal.v14.PlatformAlarmServiceExact"
103-->[com.yandex.android:maps.mobile:4.0.0-lite] AndroidManifest.xml:38:13-99
104            android:exported="false" />
104-->[com.yandex.android:maps.mobile:4.0.0-lite] AndroidManifest.xml:39:13-37
105
106        <receiver
106-->[com.yandex.android:maps.mobile:4.0.0-lite] AndroidManifest.xml:41:9-50:20
107            android:name="com.evernote.android.job.patched.internal.v14.PlatformAlarmReceiver"
107-->[com.yandex.android:maps.mobile:4.0.0-lite] AndroidManifest.xml:42:13-95
108            android:exported="false" >
108-->[com.yandex.android:maps.mobile:4.0.0-lite] AndroidManifest.xml:43:13-37
109            <intent-filter>
109-->[com.yandex.android:maps.mobile:4.0.0-lite] AndroidManifest.xml:44:13-49:29
110
111                <!-- Keep the filter for legacy intents -->
112                <action android:name="com.evernote.android.job.patched.internal.v14.RUN_JOB" />
112-->[com.yandex.android:maps.mobile:4.0.0-lite] AndroidManifest.xml:47:17-96
112-->[com.yandex.android:maps.mobile:4.0.0-lite] AndroidManifest.xml:47:25-93
113                <action android:name="net.vrallev.android.job.v14.RUN_JOB" />
113-->[com.yandex.android:maps.mobile:4.0.0-lite] AndroidManifest.xml:48:17-78
113-->[com.yandex.android:maps.mobile:4.0.0-lite] AndroidManifest.xml:48:25-75
114            </intent-filter>
115        </receiver>
116        <receiver
116-->[com.yandex.android:maps.mobile:4.0.0-lite] AndroidManifest.xml:51:9-60:20
117            android:name="com.evernote.android.job.patched.internal.JobBootReceiver"
117-->[com.yandex.android:maps.mobile:4.0.0-lite] AndroidManifest.xml:52:13-85
118            android:exported="false" >
118-->[com.yandex.android:maps.mobile:4.0.0-lite] AndroidManifest.xml:53:13-37
119            <intent-filter>
119-->[com.yandex.android:maps.mobile:4.0.0-lite] AndroidManifest.xml:54:13-59:29
120                <action android:name="android.intent.action.BOOT_COMPLETED" />
120-->[com.yandex.android:maps.mobile:4.0.0-lite] AndroidManifest.xml:55:17-79
120-->[com.yandex.android:maps.mobile:4.0.0-lite] AndroidManifest.xml:55:25-76
121                <action android:name="android.intent.action.QUICKBOOT_POWERON" />
121-->[com.yandex.android:maps.mobile:4.0.0-lite] AndroidManifest.xml:56:17-82
121-->[com.yandex.android:maps.mobile:4.0.0-lite] AndroidManifest.xml:56:25-79
122                <action android:name="com.htc.intent.action.QUICKBOOT_POWERON" />
122-->[com.yandex.android:maps.mobile:4.0.0-lite] AndroidManifest.xml:57:17-82
122-->[com.yandex.android:maps.mobile:4.0.0-lite] AndroidManifest.xml:57:25-79
123                <action android:name="android.intent.action.MY_PACKAGE_REPLACED" />
123-->[com.yandex.android:maps.mobile:4.0.0-lite] AndroidManifest.xml:58:17-84
123-->[com.yandex.android:maps.mobile:4.0.0-lite] AndroidManifest.xml:58:25-81
124            </intent-filter>
125        </receiver>
126
127        <service
127-->[com.yandex.android:maps.mobile:4.0.0-lite] AndroidManifest.xml:62:9-65:72
128            android:name="com.evernote.android.job.patched.internal.JobRescheduleService"
128-->[com.yandex.android:maps.mobile:4.0.0-lite] AndroidManifest.xml:63:13-90
129            android:exported="false"
129-->[com.yandex.android:maps.mobile:4.0.0-lite] AndroidManifest.xml:64:13-37
130            android:permission="android.permission.BIND_JOB_SERVICE" />
130-->[com.yandex.android:maps.mobile:4.0.0-lite] AndroidManifest.xml:65:13-69
131        <service
131-->[com.yandex.android:maps.mobile:4.0.0-lite] AndroidManifest.xml:66:9-69:72
132            android:name="com.yandex.runtime.connectivity.internal.ConnectivityService"
132-->[com.yandex.android:maps.mobile:4.0.0-lite] AndroidManifest.xml:67:13-88
133            android:exported="true"
133-->[com.yandex.android:maps.mobile:4.0.0-lite] AndroidManifest.xml:68:13-36
134            android:permission="android.permission.BIND_JOB_SERVICE" />
134-->[com.yandex.android:maps.mobile:4.0.0-lite] AndroidManifest.xml:69:13-69
135
136        <activity
136-->[com.google.android.gms:play-services-base:17.0.0] AndroidManifest.xml:23:9-26:75
137            android:name="com.google.android.gms.common.api.GoogleApiActivity"
137-->[com.google.android.gms:play-services-base:17.0.0] AndroidManifest.xml:24:13-79
138            android:exported="false"
138-->[com.google.android.gms:play-services-base:17.0.0] AndroidManifest.xml:25:13-37
139            android:theme="@android:style/Theme.Translucent.NoTitleBar" />
139-->[com.google.android.gms:play-services-base:17.0.0] AndroidManifest.xml:26:13-72
140
141        <provider
141-->[com.google.firebase:firebase-common:20.0.0] AndroidManifest.xml:26:9-31:39
142            android:name="com.google.firebase.provider.FirebaseInitProvider"
142-->[com.google.firebase:firebase-common:20.0.0] AndroidManifest.xml:27:13-77
143            android:authorities="romanow.abc.android.firebaseinitprovider"
143-->[com.google.firebase:firebase-common:20.0.0] AndroidManifest.xml:28:13-72
144            android:directBootAware="true"
144-->[com.google.firebase:firebase-common:20.0.0] AndroidManifest.xml:29:13-43
145            android:exported="false"
145-->[com.google.firebase:firebase-common:20.0.0] AndroidManifest.xml:30:13-37
146            android:initOrder="100" />
146-->[com.google.firebase:firebase-common:20.0.0] AndroidManifest.xml:31:13-36
147
148        <meta-data
148-->[com.google.android.gms:play-services-basement:17.0.0] AndroidManifest.xml:23:9-25:69
149            android:name="com.google.android.gms.version"
149-->[com.google.android.gms:play-services-basement:17.0.0] AndroidManifest.xml:24:13-58
150            android:value="@integer/google_play_services_version" />
150-->[com.google.android.gms:play-services-basement:17.0.0] AndroidManifest.xml:25:13-66
151
152        <provider
152-->[androidx.emoji2:emoji2:1.0.0] AndroidManifest.xml:26:9-34:20
153            android:name="androidx.startup.InitializationProvider"
153-->[androidx.emoji2:emoji2:1.0.0] AndroidManifest.xml:27:13-67
154            android:authorities="romanow.abc.android.androidx-startup"
154-->[androidx.emoji2:emoji2:1.0.0] AndroidManifest.xml:28:13-68
155            android:exported="false" >
155-->[androidx.emoji2:emoji2:1.0.0] AndroidManifest.xml:29:13-37
156            <meta-data
156-->[androidx.emoji2:emoji2:1.0.0] AndroidManifest.xml:31:13-33:52
157                android:name="androidx.emoji2.text.EmojiCompatInitializer"
157-->[androidx.emoji2:emoji2:1.0.0] AndroidManifest.xml:32:17-75
158                android:value="androidx.startup" />
158-->[androidx.emoji2:emoji2:1.0.0] AndroidManifest.xml:33:17-49
159            <meta-data
159-->[androidx.lifecycle:lifecycle-process:2.4.0] AndroidManifest.xml:31:13-33:52
160                android:name="androidx.lifecycle.ProcessLifecycleInitializer"
160-->[androidx.lifecycle:lifecycle-process:2.4.0] AndroidManifest.xml:32:17-78
161                android:value="androidx.startup" />
161-->[androidx.lifecycle:lifecycle-process:2.4.0] AndroidManifest.xml:33:17-49
162        </provider>
163    </application>
164
165</manifest>